CRITICAL:root:THIS IS CRITICAL
CRITICAL:root:THIS IS CRITICAL
CRITICAL:root:THIS IS CRITICAL
CRITICAL:root:THIS IS CRITICAL
CRITICAL:root:THIS IS CRITICAL
CRITICAL:root:THIS IS CRITICAL
CRITICAL:root:THIS IS CRITICAL
CRITICAL:root:THIS IS CRITICAL
2026-03-24 20:36:17,892 - root - CRITICAL - THIS IS CRITICAL
2026-03-24 20:37:22,359 - root - CRITICAL - THIS IS CRITICAL
2026-03-24 20:37:23,020 - root - CRITICAL - THIS IS CRITICAL
2026-03-24 20:37:25,834 - root - CRITICAL - THIS IS CRITICAL
2026-03-24 20:37:27,738 - root - CRITICAL - THIS IS CRITICAL
2026-03-24 20:37:28,799 - root - CRITICAL - THIS IS CRITICAL
2026-03-24 20:37:29,676 - root - CRITICAL - THIS IS CRITICAL
(2026-03-24 20:40:40,068) - root - CRITICAL - THIS IS CRITICAL
(2026-03-24 20:41:19,459) - root - CRITICAL - THIS IS CRITICAL
(2026-03-24 20:41:19,459) - root - WARNING - THIS IS Warning
(2026-03-24 20:41:19,459) - root - ERROR - THIS IS ERROR
(2026-03-24 20:41:20,695) - root - CRITICAL - THIS IS CRITICAL
(2026-03-24 20:41:20,695) - root - WARNING - THIS IS Warning
(2026-03-24 20:41:20,695) - root - ERROR - THIS IS ERROR
(24-Mar-26 20:42:13) - root - CRITICAL - THIS IS CRITICAL
(24-Mar-26 20:42:13) - root - WARNING - THIS IS Warning
(24-Mar-26 20:42:13) - root - ERROR - THIS IS ERROR
(24-Mar-26 20:42:15) - root - CRITICAL - THIS IS CRITICAL
(24-Mar-26 20:42:15) - root - WARNING - THIS IS Warning
(24-Mar-26 20:42:15) - root - ERROR - THIS IS ERROR
(24-Mar-26 20:42:16) - root - CRITICAL - THIS IS CRITICAL
(24-Mar-26 20:42:16) - root - WARNING - THIS IS Warning
(24-Mar-26 20:42:16) - root - ERROR - THIS IS ERROR
(24-Mar-26 20:42:17) - root - CRITICAL - THIS IS CRITICAL
(24-Mar-26 20:42:17) - root - WARNING - THIS IS Warning
(24-Mar-26 20:42:17) - root - ERROR - THIS IS ERROR
(03/24/26-March-2026 20:42:58) - root - CRITICAL - THIS IS CRITICAL
(03/24/26-March-2026 20:42:58) - root - WARNING - THIS IS Warning
(03/24/26-March-2026 20:42:58) - root - ERROR - THIS IS ERROR
(24-March-2026 20:43:24) - root - CRITICAL - THIS IS CRITICAL
(24-March-2026 20:43:24) - root - WARNING - THIS IS Warning
(24-March-2026 20:43:24) - root - ERROR - THIS IS ERROR
(24-March-2026 20:43:45) - root - CRITICAL - THIS IS CRITICAL
(24-March-2026 20:43:45) - root - WARNING - THIS IS Warning
(24-March-2026 20:43:45) - root - ERROR - THIS IS ERROR
(24-March-2026 20:45:09) - Ahmad - CRITICAL - THIS IS CRITICAL
(24-March-2026 20:45:09) - Ahmad - WARNING - THIS IS Warning
(24-March-2026 20:45:09) - Ahmad - ERROR - THIS IS ERROR
